/usr/bin/python3
Trying cross compiler...
/usr/bin/aarch64-linux-gnu-gcc
Building for: mt7981_honor_fur-602, fixed-mtdparts: 1, multi-layout: 1
u-boot dir: uboot-mtk-20230718-09eda825
atf dir: atf-20240117-bacca82a8
Build u-boot...
Build u-boot with fixed-mtdparts!
make: Entering directory '/workdir/bl-mt798x-dhcpd/uboot-mtk-20230718-09eda825'
  HOSTCC  scripts/basic/fixdep
  HOSTCC  scripts/kconfig/conf.o
  YACC    scripts/kconfig/zconf.tab.c
  LEX     scripts/kconfig/zconf.lex.c
  HOSTCC  scripts/kconfig/zconf.tab.o
  HOSTLD  scripts/kconfig/conf
scripts/kconfig/conf  --olddefconfig Kconfig
#
# configuration written to .config
#
make: Leaving directory '/workdir/bl-mt798x-dhcpd/uboot-mtk-20230718-09eda825'
make: Entering directory '/workdir/bl-mt798x-dhcpd/uboot-mtk-20230718-09eda825'
make: Leaving directory '/workdir/bl-mt798x-dhcpd/uboot-mtk-20230718-09eda825'
make: Entering directory '/workdir/bl-mt798x-dhcpd/uboot-mtk-20230718-09eda825'
  HOSTCC  scripts/basic/fixdep
  HOSTCC  scripts/kconfig/conf.o
  YACC    scripts/kconfig/zconf.tab.c
  LEX     scripts/kconfig/zconf.lex.c
  HOSTCC  scripts/kconfig/zconf.tab.o
  HOSTLD  scripts/kconfig/conf
scripts/kconfig/conf  --syncconfig Kconfig
  UPD     include/config.h
  CFG     u-boot.cfg
  GEN     include/autoconf.mk.dep
  GEN     include/autoconf.mk
  UPD     include/generated/dt.h
  UPD     include/generated/timestamp_autogenerated.h
  ENVC    include/generated/env.txt
  ENVP    include/generated/env.in
  ENVT    include/generated/environment.h
  HOSTCC  scripts/dtc/dtc.o
  HOSTCC  scripts/dtc/flattree.o
  HOSTCC  scripts/dtc/fstree.o
  HOSTCC  scripts/dtc/data.o
  HOSTCC  scripts/dtc/livetree.o
  UPD     include/config/uboot.release
  HOSTCC  scripts/dtc/treesource.o
  UPD     include/generated/version_autogenerated.h
  CC      lib/asm-offsets.s
  CC      arch/arm/lib/asm-offsets.s
  HOSTCC  scripts/dtc/srcpos.o
  HOSTCC  scripts/dtc/checks.o
  UPD     include/generated/asm-offsets.h
  UPD     include/generated/generic-asm-offsets.h
  HOSTCC  scripts/dtc/util.o
  LDS     u-boot.lds
  LEX     scripts/dtc/dtc-lexer.lex.c
  YACC    scripts/dtc/dtc-parser.tab.h
  YACC    scripts/dtc/dtc-parser.tab.c
  HOSTCC  scripts/dtc/dtc-lexer.lex.o
  HOSTCC  scripts/dtc/dtc-parser.tab.o
  HOSTLD  scripts/dtc/dtc
  HOSTCC  tools/envcrc.o
  WRAP    tools/generated/lib/crc32.c
  WRAP    tools/generated/env/embedded.c
  WRAP    tools/generated/lib/sha1.c
  HOSTCC  tools/gen_eth_addr
  HOSTCC  tools/gen_ethaddr_crc.o
  WRAP    tools/generated/lib/crc8.c
  HOSTCC  tools/img2srec
  HOSTCC  tools/mkenvimage.o
  HOSTCC  tools/os_support.o
  HOSTCC  tools/generated/lib/crc32.o
  HOSTCC  tools/aisimage.o
  HOSTCC  tools/atmelimage.o
  HOSTCC  tools/fit_common.o
  HOSTCC  tools/fit_image.o
  HOSTCC  tools/image-host.o
  WRAP    tools/generated/boot/image-fit.c
  HOSTCC  tools/image-sig-host.o
  WRAP    tools/generated/boot/image-fit-sig.c
  WRAP    tools/generated/boot/image-cipher.c
  WRAP    tools/generated/boot/fdt_region.c
  WRAP    tools/generated/boot/bootm.c
  HOSTCC  tools/default_image.o
  WRAP    tools/generated/lib/fdtdec_common.c
  WRAP    tools/generated/lib/fdtdec.c
  WRAP    tools/generated/boot/image.c
  WRAP    tools/generated/boot/image-host.c
  HOSTCC  tools/imagetool.o
  HOSTCC  tools/imximage.o
  HOSTCC  tools/imx8image.o
  HOSTCC  tools/imx8mimage.o
  HOSTCC  tools/kwbimage.o
  WRAP    tools/generated/lib/md5.c
  HOSTCC  tools/lpc32xximage.o
  HOSTCC  tools/mxsimage.o
  HOSTCC  tools/omapimage.o
  HOSTCC  tools/pblimage.o
  HOSTCC  tools/pbl_crc32.o
  HOSTCC  tools/renesas_spkgimage.o
  HOSTCC  tools/vybridimage.o
  HOSTCC  tools/stm32image.o
  WRAP    tools/generated/lib/rc4.c
  HOSTCC  tools/rkcommon.o
  HOSTCC  tools/rkimage.o
  HOSTCC  tools/rksd.o
  HOSTCC  tools/rkspi.o
  HOSTCC  tools/socfpgaimage.o
  HOSTCC  tools/sunxi_egon.o
  WRAP    tools/generated/lib/crc16-ccitt.c
  WRAP    tools/generated/lib/hash-checksum.c
  HOSTCC  tools/generated/lib/sha1.o
  WRAP    tools/generated/lib/sha256.c
  WRAP    tools/generated/lib/sha512.c
  WRAP    tools/generated/common/hash.c
  HOSTCC  tools/ublimage.o
  HOSTCC  tools/zynqimage.o
  HOSTCC  tools/zynqmpimage.o
  HOSTCC  tools/zynqmpbif.o
  WRAP    tools/generated/lib/fdt-libcrypto.c
  HOSTCC  tools/sunxi_toc0.o
  HOSTCC  tools/libfdt/fdt.o
  HOSTCC  tools/libfdt/fdt_ro.o
  HOSTCC  tools/libfdt/fdt_wip.o
  HOSTCC  tools/libfdt/fdt_sw.o
  HOSTCC  tools/libfdt/fdt_rw.o
  HOSTCC  tools/libfdt/fdt_strerror.o
  HOSTCC  tools/libfdt/fdt_empty_tree.o
  HOSTCC  tools/libfdt/fdt_addresses.o
  HOSTCC  tools/libfdt/fdt_overlay.o
  HOSTCC  tools/gpimage.o
  HOSTCC  tools/gpimage-common.o
  HOSTCC  tools/mtk_image.o
  HOSTCC  tools/mtk_nand_headers.o
  WRAP    tools/generated/lib/ecdsa/ecdsa-libcrypto.c
  WRAP    tools/generated/lib/rsa/rsa-sign.c
  WRAP    tools/generated/lib/rsa/rsa-verify.c
  WRAP    tools/generated/lib/rsa/rsa-mod-exp.c
  WRAP    tools/generated/lib/aes/aes-encrypt.c
  WRAP    tools/generated/lib/aes/aes-decrypt.c
  HOSTCC  tools/dumpimage.o
  HOSTCC  tools/generated/boot/image-fit.o
  HOSTCC  tools/generated/boot/image-fit-sig.o
  HOSTCC  tools/generated/boot/image-cipher.o
  HOSTCC  tools/generated/boot/fdt_region.o
  HOSTCC  tools/generated/boot/bootm.o
  HOSTCC  tools/generated/lib/fdtdec_common.o
  HOSTCC  tools/generated/lib/fdtdec.o
  HOSTCC  tools/generated/boot/image.o
  HOSTCC  tools/generated/boot/image-host.o
  HOSTCC  tools/generated/lib/md5.o
  HOSTCC  tools/generated/lib/rc4.o
  HOSTCC  tools/generated/lib/crc16-ccitt.o
  HOSTCC  tools/generated/lib/hash-checksum.o
  HOSTCC  tools/generated/lib/sha256.o
  HOSTCC  tools/generated/lib/sha512.o
  HOSTCC  tools/generated/common/hash.o
  HOSTCC  tools/generated/lib/fdt-libcrypto.o
  HOSTCC  tools/generated/lib/ecdsa/ecdsa-libcrypto.o
  HOSTCC  tools/generated/lib/rsa/rsa-sign.o
  HOSTCC  tools/generated/lib/rsa/rsa-verify.o
  HOSTCC  tools/generated/lib/rsa/rsa-mod-exp.o
  HOSTCC  tools/generated/lib/aes/aes-encrypt.o
  HOSTCC  tools/generated/lib/aes/aes-decrypt.o
  HOSTCC  tools/mkimage.o
  HOSTCC  tools/fit_info.o
  HOSTCC  tools/fit_check_sign.o
  HOSTCC  tools/fdt_add_pubkey.o
  HOSTCC  tools/ncb
  HOSTCC  tools/proftool.o
  WRAP    tools/generated/lib/abuf.c
  HOSTCC  tools/relocate-rela
  HOSTCC  tools/fdtgrep.o
  HOSTCC  tools/spl_size_limit
  HOSTCC  tools/generated/env/embedded.o
  HOSTCC  tools/generated/lib/crc8.o
  HOSTLD  tools/mkenvimage
  HOSTLD  tools/dumpimage
  HOSTLD  tools/mkimage
  HOSTLD  tools/fit_info
  HOSTLD  tools/fit_check_sign
  HOSTLD  tools/fdt_add_pubkey
  HOSTCC  tools/generated/lib/abuf.o
  HOSTLD  tools/fdtgrep
  HOSTLD  tools/envcrc
  HOSTLD  tools/gen_ethaddr_crc
  HOSTLD  tools/proftool
  AR      arch/arm/cpu/built-in.o
  CC      arch/arm/cpu/armv8/cpu.o
  AS      arch/arm/lib/crt0_64.o
  CC      arch/arm/mach-mediatek/mt7981/init.o
  CC      board/mediatek/common/empty.o
  AS      arch/arm/lib/setjmp_aarch64.o
  CC      board/mediatek/common/load_data.o
  AS      arch/arm/lib/relocate_64.o
  CC      arch/arm/lib/bootm-fdt.o
  AS      arch/arm/mach-mediatek/mt7981/lowlevel_init.o
  CC      arch/arm/cpu/armv8/cache_v8.o
  AR      arch/arm/mach-mediatek/mt7981/built-in.o
  CC      arch/arm/lib/bootm.o
  CC      board/mediatek/common/upgrade_helper.o
  CC      board/mediatek/common/boot_helper.o
  CC      arch/arm/lib/image.o
  CC      arch/arm/lib/bdinfo.o
  AS      arch/arm/cpu/armv8/cache.o
  CC      board/mediatek/common/untar.o
  AS      arch/arm/cpu/armv8/exceptions.o
  CC      arch/arm/lib/sections.o
  CC      arch/arm/cpu/armv8/exception_level.o
  CC      arch/arm/lib/stack.o
  CC      board/mediatek/common/image_helper.o
  CC      arch/arm/lib/interrupts_64.o
  AS      arch/arm/cpu/armv8/tlb.o
  AS      arch/arm/cpu/armv8/transition.o
  CC      arch/arm/cpu/armv8/fwcall.o
  CC      arch/arm/cpu/armv8/cpu-dt.o
  AS      arch/arm/cpu/armv8/smccc-call.o
  AS      arch/arm/cpu/armv8/start.o
  AR      arch/arm/cpu/armv8/built-in.o
  CC      board/mediatek/common/verify_helper.o
  CC      arch/arm/lib/reset.o
  CC      arch/arm/lib/cache.o
  CC      arch/arm/lib/psci-dt.o
  AR      arch/arm/lib/lib.a
  AR      arch/arm/lib/built-in.o
  CC      board/mediatek/common/dm_parser.o
  CC      board/mediatek/common/mtd_helper.o
  CC      board/mediatek/common/mtd_layout.o
  CC      board/mediatek/common/cmd_mtkupgrade.o
  CC      board/mediatek/common/cmd_mtkload.o
  CC      board/mediatek/common/cmd_mtkboardboot.o
  CC      board/mediatek/common/cmd_mtkautoboot.o
  CC      board/mediatek/common/bootmenu_mtd.o
board/mediatek/common/bootmenu_mtd.c:323:12: warning: ‘erase_env’ defined but not used [-Wunused-function]
  323 | static int erase_env(void *priv, const struct data_part_entry *dpe,
      |            ^~~~~~~~~
  CC      board/mediatek/common/board_info.o
  CC      board/mediatek/common/bl2_helper.o
  CC      board/mediatek/common/cmd_bl2.o
  CC      board/mediatek/common/failsafe.o
  CC      board/mediatek/common/nmbm.o
  AR      board/mediatek/common/built-in.o
  CC      arch/arm/mach-mediatek/cpu.o
  CC      board/mediatek/mt7981/mt7981_rfb.o
  CC      boot/bootm.o
  AR      cmd/arm/built-in.o
  CC      cmd/boot.o
board/mediatek/mt7981/mt7981_rfb.c:20:40: warning: ‘struct bd_info’ declared inside parameter list will not be visible outside of this definition or declaration
   20 | int ft_system_setup(void *blob, struct bd_info *bd)
      |                                        ^~~~~~~
  AR      board/mediatek/mt7981/built-in.o
  AR      arch/arm/mach-mediatek/built-in.o
  CC      cmd/bootm.o
  CC      cmd/help.o
  CC      common/init/board_init.o
  CC      boot/bootm_os.o
  AR      common/init/built-in.o
  CC      cmd/panic.o
  CC      cmd/version.o
  CC      common/main.o
  CC      disk/part.o
  CC      boot/image.o
  CC      cmd/source.o
  CC      common/exports.o
  CC      cmd/bdinfo.o
  CC      common/cli_hush.o
  CC      cmd/bootmenu.o
  AR      disk/built-in.o
  CC      boot/image-board.o
  AR      drivers/adc/built-in.o
  AR      drivers/ata/built-in.o
  AR      drivers/axi/built-in.o
  AR      drivers/block/built-in.o
  AR      drivers/bus/built-in.o
  CC      drivers/button/button-uclass.o
  CC      cmd/booti.o
  CC      drivers/button/button-gpio.o
  CC      boot/image-fdt.o
  CC      cmd/button.o
  AR      drivers/button/built-in.o
  AR      drivers/cache/built-in.o
  CC      cmd/console.o
  AR      drivers/clk/analogbits/built-in.o
  AR      drivers/clk/imx/built-in.o
  CC      drivers/clk/mediatek/clk-mtk.o
  CC      cmd/echo.o
  CC      cmd/exit.o
  CC      common/autoboot.o
  CC      boot/image-fit.o
  CC      cmd/fdt.o
  CC      common/board_f.o
  CC      drivers/clk/mediatek/clk-mt7981.o
  AR      drivers/clk/mediatek/built-in.o
  CC      common/board_r.o
  AR      drivers/clk/tegra/built-in.o
  AR      drivers/clk/ti/built-in.o
  CC      drivers/clk/clk-uclass.o
  CC      cmd/gpio.o
  CC      common/board_info.o
  CC      cmd/itest.o
  AR      boot/built-in.o
  CC      common/fdt_support.o
  CC      cmd/led.o
  CC      drivers/core/device.o
  CC      drivers/clk/clk_fixed_rate.o
  CC      drivers/clk/clk_fixed_factor.o
  CC      cmd/load.o
  AR      drivers/clk/built-in.o
  CC      drivers/core/fdtaddr.o
  CC      cmd/mem.o
  CC      common/miiphyutil.o
  CC      drivers/core/lists.o
  CC      drivers/core/root.o
  AR      drivers/usb/cdns3/built-in.o
  CC      cmd/sleep.o
  CC      drivers/cpu/cpu-uclass.o
  CC      common/iomux.o
  CC      cmd/mtd.o
  CC      drivers/cpu/mtk_cpu.o
  CC      common/splash.o
  CC      common/menu.o
  AR      drivers/cpu/built-in.o
  CC      drivers/core/uclass.o
  AR      drivers/usb/common/built-in.o
  CC      common/cli_getch.o
  CC      cmd/mtdparts.o
  CC      common/cli_readline.o
  CC      drivers/core/util.o
  CC      common/cli_simple.o
  CC      drivers/core/tag.o
  AR      drivers/crypto/aspeed/built-in.o
  CC      drivers/crypto/fsl/sec.o
  CC      common/console.o
  AR      drivers/crypto/fsl/built-in.o
  CC      drivers/core/device-remove.o
  AR      drivers/crypto/hash/built-in.o
  AR      drivers/crypto/nuvoton/built-in.o
  AR      drivers/crypto/rsa_mod_exp/built-in.o
  AR      drivers/crypto/built-in.o
  CC      drivers/core/simple-bus.o
  AR      drivers/usb/dwc3/built-in.o
  CC      drivers/core/dump.o
  CC      common/dlmalloc.o
  CC      cmd/nand-ext.o
  AR      drivers/dfu/built-in.o
  CC      drivers/core/regmap.o
  CC      common/malloc_simple.o
  AR      drivers/usb/emul/built-in.o
  CC      cmd/nmbm.o
  CC      drivers/core/syscon-uclass.o
  CC      common/hash.o
  CC      drivers/firmware/firmware-uclass.o
  CC      drivers/core/of_extra.o
  CC      cmd/net.o
  CC      drivers/firmware/psci.o
  CC      drivers/core/ofnode.o
  CC      common/memsize.o
  AR      drivers/firmware/built-in.o
  CC      common/stdio.o
  CC      cmd/pinmux.o
  AR      drivers/usb/eth/built-in.o
  CC      drivers/gpio/gpio-uclass.o
  CC      cmd/pwm.o
  CC      common/cli.o
  CC      cmd/setexpr.o
  CC      common/command.o
  CC      cmd/smccc.o
  CC      drivers/core/read_extra.o
  CC      cmd/test.o
  AR      drivers/core/built-in.o
  AR      drivers/gpio/built-in.o
  CC      common/log.o
  CC      cmd/ubi.o
  CC      drivers/input/key_matrix.o
  AR      drivers/usb/host/built-in.o
  CC      common/log_console.o
  CC      cmd/ubifs.o
  AR      drivers/input/built-in.o
  AR      drivers/iommu/built-in.o
  CC      common/s_record.o
  CC      cmd/lzmadec.o
  CC      drivers/led/led-uclass.o
  AR      drivers/mailbox/built-in.o
  CC      common/xyzModem.o
  AR      drivers/usb/isp1760/built-in.o
  CC      drivers/led/led_gpio.o
  AR      drivers/usb/mtu3/built-in.o
  AR      drivers/memory/built-in.o
  CC      cmd/ximg.o
  CC      common/poller.o
  AR      drivers/led/built-in.o
  CC      cmd/glbtn.o
  AR      drivers/mfd/built-in.o
  AR      common/built-in.o
  AR      drivers/misc/built-in.o
  CC      drivers/mtd/nand/spi/core.o
  AR      drivers/usb/musb-new/built-in.o
  CC      drivers/mtd/nmbm/nmbm-core.o
  CC      cmd/led_blink.o
  AR      drivers/net/mscc_eswitch/built-in.o
  CC      drivers/net/phy/phy.o
  CC      cmd/showlayout.o
  CC      cmd/nvedit.o
  CC      drivers/net/phy/fixed.o
  AR      cmd/built-in.o
  CC      drivers/mtd/nand/spi/gigadevice.o
  AR      drivers/net/phy/built-in.o
  AR      drivers/net/qe/built-in.o
  CC      drivers/mtd/nmbm/nmbm-mtd.o
  AR      drivers/net/ti/built-in.o
  CC      drivers/net/mtk_eth.o
  CC      drivers/mtd/nand/spi/macronix.o
  CC      drivers/mtd/nand/spi/micron.o
  AR      drivers/mtd/onenand/built-in.o
  AR      drivers/pinctrl/broadcom/built-in.o
  CC      drivers/pinctrl/mediatek/pinctrl-mtk-common.o
  CC      drivers/mtd/nand/spi/toshiba.o
  AR      drivers/mtd/nmbm/built-in.o
  CC      drivers/mtd/nand/spi/winbond.o
  CC      drivers/power/domain/power-domain-uclass.o
  CC      drivers/mtd/nand/spi/foresee.o
  CC      drivers/power/domain/mtk-power-domain.o
  CC      drivers/pinctrl/mediatek/pinctrl-mt7981.o
  CC      drivers/mtd/nand/spi/etron.o
  CC      drivers/mtd/nand/spi/esmt.o
  AR      drivers/pinctrl/mediatek/built-in.o
  CC      drivers/mtd/nand/spi/gsto.o
  AR      drivers/power/domain/built-in.o
  AR      drivers/pinctrl/nxp/built-in.o
  CC      drivers/pinctrl/pinctrl-uclass.o
  CC      drivers/mtd/nand/spi/fmsh.o
  AR      drivers/power/pmic/built-in.o
  CC      drivers/mtd/nand/spi/dosilicon.o
  CC      drivers/power/regulator/regulator-uclass.o
  AR      drivers/mtd/nand/spi/spinand.o
  CC      drivers/pinctrl/pinctrl-generic.o
  CC      drivers/net/netconsole.o
  AR      drivers/mtd/nand/spi/built-in.o
  CC      drivers/mtd/nand/core.o
  CC      drivers/power/regulator/regulator_common.o
  AR      drivers/pinctrl/built-in.o
  AR      drivers/net/built-in.o
  CC      drivers/power/regulator/fixed.o
  AR      drivers/usb/musb/built-in.o
  CC      drivers/mtd/nand/bbt.o
  AR      drivers/mtd/spi/built-in.o
  CC      drivers/pwm/pwm-uclass.o
  CC      drivers/pwm/pwm-mtk.o
  CC      drivers/power/regulator/gpio-regulator.o
  AR      drivers/mtd/nand/nandcore.o
  AR      drivers/usb/phy/built-in.o
  AR      drivers/mtd/nand/built-in.o
  AR      drivers/usb/ulpi/built-in.o
  CC      drivers/reset/reset-uclass.o
  AR      drivers/pwm/built-in.o
  AR      drivers/power/regulator/built-in.o
  DTC     arch/arm/dts/mt7622-rfb.dtb
  CC      drivers/mtd/ubi/attach.o
arch/arm/dts/mt7622-rfb.dtb: Warning (ranges_format): /reserved-memory:ranges: empty "ranges" property but its #address-cells (2) differs from / (1)
arch/arm/dts/mt7622-rfb.dtb: Warning (ranges_format): /reserved-memory:ranges: empty "ranges" property but its #size-cells (2) differs from / (1)
  DTC     arch/arm/dts/mt7623a-unielec-u7623-02-emmc.dtb
  AR      drivers/power/built-in.o
  DTC     arch/arm/dts/mt7622-bananapi-bpi-r64.dtb
arch/arm/dts/mt7622-bananapi-bpi-r64.dtb: Warning (ranges_format): /reserved-memory:ranges: empty "ranges" property but its #address-cells (2) differs from / (1)
arch/arm/dts/mt7622-bananapi-bpi-r64.dtb: Warning (ranges_format): /reserved-memory:ranges: empty "ranges" property but its #size-cells (2) differs from / (1)
  DTC     arch/arm/dts/mt7623n-bananapi-bpi-r2.dtb
  CC      drivers/reset/reset-mediatek.o
  DTC     arch/arm/dts/mt7629-rfb.dtb
  CC      env/common.o
  DTC     arch/arm/dts/mt7981-rfb.dtb
  DTC     arch/arm/dts/mt7981-snfi-nand-rfb.dtb
  DTC     arch/arm/dts/mt7981-spim-nand-rfb.dtb
  AR      drivers/reset/built-in.o
  DTC     arch/arm/dts/mt7981-spim-nor-rfb.dtb
  DTC     arch/arm/dts/mt7981-emmc-rfb.dtb
  DTC     arch/arm/dts/mt7981-sd-rfb.dtb
  AR      drivers/rtc/built-in.o
  CC      env/env.o
  DTC     arch/arm/dts/mt7986a-bpi-r3-sd.dtb
  DTC     arch/arm/dts/mt7986a-bpi-r3-emmc.dtb
  CC      drivers/mtd/ubi/build.o
  DTC     arch/arm/dts/mt7986a-rfb.dtb
  DTC     arch/arm/dts/mt7986b-rfb.dtb
  DTC     arch/arm/dts/mt7986a-sd-rfb.dtb
  DTC     arch/arm/dts/mt7986b-sd-rfb.dtb
  CC      env/attr.o
  DTC     arch/arm/dts/mt7986a-emmc-rfb.dtb
  DTC     arch/arm/dts/mt7986b-emmc-rfb.dtb
  DTC     arch/arm/dts/mt7988-rfb.dtb
  CC      env/flags.o
  DTC     arch/arm/dts/mt7988-snfi-nand-rfb.dtb
  DTC     arch/arm/dts/mt7988-spim-nand-rfb.dtb
  DTC     arch/arm/dts/mt7988-spim-nor-rfb.dtb
  DTC     arch/arm/dts/mt7988-emmc-rfb.dtb
  DTC     arch/arm/dts/mt7988-sd-rfb.dtb
  CC      env/callback.o
  DTC     arch/arm/dts/mt8183-pumpkin.dtb
  DTC     arch/arm/dts/mt8512-bm1-emmc.dtb
  CC      drivers/mtd/ubi/vtbl.o
  AS      failsafe/fsdata/404.o
  DTC     arch/arm/dts/mt8516-pumpkin.dtb
  AS      failsafe/fsdata/bl2.o
  AS      failsafe/fsdata/booting.o
  CC      env/mtd.o
  DTC     arch/arm/dts/mt8518-ap1-emmc.dtb
  AS      failsafe/fsdata/fail.o
  DTC     arch/arm/dts/mt7981-honor_fur-602.dtb
  AS      failsafe/fsdata/flashing.o
  AS      failsafe/fsdata/gpt.o
  SHIPPED dts/dt.dtb
  DTB     dts/dt.dtb.S
  AS      dts/dt.dtb.o
  AS      failsafe/fsdata/index.o
  AR      dts/built-in.o
  AS      failsafe/fsdata/initramfs.o
  AS      failsafe/fsdata/main.o
  AS      failsafe/fsdata/style.o
  AR      env/built-in.o
  AS      failsafe/fsdata/uboot.o
  CC      drivers/mtd/mtdcore.o
  AR      failsafe/fsdata/built-in.o
  CC      failsafe/fs.o
  CC      drivers/mtd/mtd_uboot.o
  CC      failsafe/failsafe.o
  CC      drivers/mtd/ubi/vmt.o
  AR      drivers/scsi/built-in.o
  CC      drivers/mtd/mtd-uclass.o
  AR      failsafe/built-in.o
  CC      fs/ubifs/ubifs.o
  CC      fs/fs.o
  CC      fs/fs_internal.o
  CC      drivers/mtd/ubi/upd.o
  CC      drivers/serial/serial-uclass.o
  CC      drivers/mtd/ubi/kapi.o
  CC      drivers/serial/serial_mtk.o
  CC      fs/ubifs/io.o
  CC      drivers/mtd/mtdpart.o
  CC      drivers/mtd/ubi/eba.o
  AR      drivers/serial/built-in.o
  AR      lib/crypto/built-in.o
  CC      lib/libfdt/fdt.o
  CC      fs/ubifs/super.o
  CC      lib/libfdt/fdt_ro.o
  CC      net/arp.o
  CC      net/bootp.o
  CC      drivers/mtd/ubi/io.o
  CC      net/eth-uclass.o
  CC      lib/libfdt/fdt_wip.o
  CC      lib/libfdt/fdt_strerror.o
  CC      lib/libfdt/fdt_sw.o
  CC      fs/ubifs/sb.o
  CC      net/eth_common.o
  CC      lib/libfdt/fdt_rw.o
  CC      net/net.o
  CC      fs/ubifs/master.o
  CC      drivers/mtd/ubi/wl.o
  CC      lib/libfdt/fdt_empty_tree.o
  CC      fs/ubifs/lpt.o
  CC      lib/libfdt/fdt_addresses.o
  CC      net/ping.o
  AR      lib/libfdt/built-in.o
  CC      net/tftp.o
  CC      lib/lzma/LzmaDec.o
  CC      drivers/mtd/ubi/crc32.o
  CC      drivers/mtd/ubi/misc.o
  CC      net/tcp.o
  CC      drivers/mtd/ubi/debug.o
  CC      net/mtk_tcp.o
  CC      lib/lzma/LzmaTools.o
  AR      drivers/mtd/ubi/built-in.o
  AR      lib/lzma/built-in.o
  CC      fs/ubifs/lpt_commit.o
  AR      drivers/mtd/mtd.o
  CC      lib/lzo/lzo1x_decompress.o
  AR      drivers/mtd/built-in.o
  AR      drivers/smem/built-in.o
  AR      drivers/soc/built-in.o
  AR      drivers/sound/built-in.o
  CC      drivers/spi/spi-uclass.o
  AR      lib/lzo/built-in.o
  CC      net/mtk_httpd.o
  CC      lib/zlib/zlib.o
  CC      fs/ubifs/scan.o
  CC      drivers/spi/spi-mem.o
  CC      net/mtk_dhcpd.o
  CC      fs/ubifs/lprops.o
  CC      drivers/spi/mtk_spim.o
  AR      net/built-in.o
  AR      drivers/spmi/built-in.o
  CC      fs/ubifs/tnc.o
  AR      drivers/spi/built-in.o
  CC      lib/charset.o
  AR      drivers/thermal/built-in.o
  CC      drivers/timer/timer-uclass.o
  AR      lib/zlib/built-in.o
  CC      drivers/timer/mtk_timer.o
  AR      drivers/ufs/built-in.o
  CC      fs/ubifs/tnc_misc.o
  CC      lib/crc8.o
  AR      drivers/timer/built-in.o
  CC      lib/crc16.o
  AR      drivers/video/bridge/built-in.o
  CC      lib/crc16-ccitt.o
  AR      drivers/video/sunxi/built-in.o
  AR      drivers/video/tegra20/built-in.o
  AR      drivers/video/ti/built-in.o
  AR      drivers/video/built-in.o
  AR      drivers/watchdog/built-in.o
  AR      drivers/built-in.o
  CC      lib/fdtdec_common.o
  CC      lib/ldiv.o
  CC      fs/ubifs/debug.o
  CC      lib/net_utils.o
  CC      lib/rc4.o
  CC      fs/ubifs/budget.o
  CC      lib/rbtree.o
  CC      fs/ubifs/log.o
  CC      lib/list_sort.o
  CC      fs/ubifs/orphan.o
  CC      lib/md5.o
  CC      fs/ubifs/recovery.o
  CC      lib/hash-checksum.o
  CC      lib/sha1.o
  CC      fs/ubifs/replay.o
  CC      lib/sha256.o
  CC      lib/gunzip.o
  CC      fs/ubifs/gc.o
  CC      lib/fdtdec.o
  AR      fs/ubifs/built-in.o
  CC      lib/qsort.o
  AR      fs/built-in.o
  CC      lib/hashtable.o
  CC      lib/errno.o
  CC      lib/display_options.o
  CC      lib/crc32.o
  CC      lib/ctype.o
  CC      lib/div64.o
  CC      lib/hang.o
  CC      lib/linux_compat.o
  CC      lib/linux_string.o
  CC      lib/lmb.o
  CC      lib/membuff.o
  CC      lib/slre.o
  CC      lib/string.o
  CC      lib/tables_csum.o
  CC      lib/time.o
  CC      lib/hexdump.o
  CC      lib/rand.o
  CC      lib/panic.o
  CC      lib/vsprintf.o
  CC      lib/strto.o
  CC      lib/abuf.o
  CC      lib/date.o
  CC      lib/rtc-lib.o
  AR      lib/built-in.o
  LD      u-boot
  OBJCOPY u-boot.srec
  OBJCOPY u-boot-nodtb.bin
  SYM     u-boot.sym
  RELOC   u-boot-nodtb.bin
  COPY    u-boot.bin
  MKIMAGE u-boot-mtk.bin
===================== WARNING ======================
CONFIG_OF_EMBED is enabled. This option should only
be used for debugging purposes. Please use
CONFIG_OF_SEPARATE for boards in mainline.
See doc/develop/devicetree/control.rst for more info.
====================================================
  OFCHK   .config
make: Leaving directory '/workdir/bl-mt798x-dhcpd/uboot-mtk-20230718-09eda825'
u-boot build done!
Build atf...
make: Entering directory '/workdir/bl-mt798x-dhcpd/atf-20240117-bacca82a8'
  CLEAN
make: Leaving directory '/workdir/bl-mt798x-dhcpd/atf-20240117-bacca82a8'
make: Entering directory '/workdir/bl-mt798x-dhcpd/atf-20240117-bacca82a8'
Loaded configuration '/workdir/bl-mt798x-dhcpd/atf-20240117-bacca82a8/configs/mt7981_honor_fur-602_defconfig'
Configuration saved to '.config'
Loaded configuration '.config'
No change to configuration in '.config'
make: Leaving directory '/workdir/bl-mt798x-dhcpd/atf-20240117-bacca82a8'
make: Entering directory '/workdir/bl-mt798x-dhcpd/atf-20240117-bacca82a8'
Building mt7981
true
  HOSTCC  fiptool.c
  HOSTCC  tbbr_config.c
  CC      lib/libfdt/fdt.c
  CC      lib/libfdt/fdt_addresses.c
  CC      lib/libfdt/fdt_empty_tree.c
  CC      lib/libfdt/fdt_ro.c
  CC      lib/libfdt/fdt_rw.c
  CC      lib/libfdt/fdt_strerror.c
  CC      lib/libfdt/fdt_sw.c
  CC      lib/libfdt/fdt_wip.c
  CC      lib/libc/abort.c
  HOSTLD  fiptool
  CC      lib/libc/assert.c
  CC      lib/libc/exit.c
  CC      lib/libc/memchr.c

Built fiptool successfully

  CC      lib/libc/memcmp.c
  CC      lib/libc/memcpy.c
  CC      lib/libc/memcpy_s.c
  CC      lib/libc/memmove.c
  CC      lib/libc/memrchr.c
  CC      lib/libc/memset.c
  CC      lib/libc/printf.c
  CC      lib/libc/putchar.c
  CC      lib/libc/puts.c
  CC      lib/libc/snprintf.c
  CC      lib/libc/strchr.c
  CC      lib/libc/strcmp.c
  CC      lib/libc/strlcat.c
  CC      lib/libc/strlcpy.c
  CC      lib/libc/strlen.c
  CC      lib/libc/strncmp.c
  CC      lib/libc/strnlen.c
  CC      lib/libc/strrchr.c
  CC      lib/libc/strtok.c
  CC      lib/libc/strtoul.c
  CC      lib/libc/strtoll.c
  CC      lib/libc/strtoull.c
  CC      lib/libc/strtol.c
  AS      lib/libc/aarch64/setjmp.S
  CPP     fdts/mt7981-spi0.dts
  DTC     fdts/mt7981-spi0.dts
  CC      bl31/bl31_context_mgmt.c
  CC      bl31/bl31_main.c
  CC      bl31/bl31_traps.c
  CC      bl31/interrupt_mgmt.c
  CC      common/bl_common.c
  CC      common/runtime_svc.c
  CC      common/tf_log.c
  CC      drivers/arm/cci/cci.c
  CC      drivers/arm/gic/v3/arm_gicv3_common.c
  CC      drivers/arm/gic/v3/gic-x00.c
  CC      drivers/arm/gic/v3/gicdv3_helpers.c
  CC      drivers/arm/gic/v3/gicrv3_helpers.c
  CC      drivers/arm/gic/v3/gicv3_helpers.c
  CC      drivers/arm/gic/v3/gicv3_main.c
  CC      drivers/console/multi_console.c
  CC      drivers/delay_timer/delay_timer.c
  CC      drivers/delay_timer/generic_delay_timer.c
  CC      lib/compiler-rt/builtins/popcountdi2.c
  CC      lib/compiler-rt/builtins/popcountsi2.c
  CC      lib/cpus/errata_report.c
  CC      lib/el3_runtime/aarch64/context_mgmt.c
  CC      lib/el3_runtime/cpu_data_array.c
  CC      lib/extensions/mpam/mpam.c
  CC      lib/extensions/pmuv3/aarch64/pmuv3.c
  CC      lib/extensions/spe/spe.c
  CC      lib/locks/bakery/bakery_lock_coherent.c
  CC      lib/psci/psci_common.c
  CC      lib/psci/psci_main.c
  CC      lib/psci/psci_mem_protect.c
  CC      lib/psci/psci_off.c
  CC      lib/psci/psci_on.c
  CC      lib/psci/psci_setup.c
  CC      lib/psci/psci_suspend.c
  CC      lib/psci/psci_system_off.c
  CC      lib/xlat_tables_v2/aarch64/xlat_tables_arch.c
  CC      lib/xlat_tables_v2/xlat_tables_context.c
  CC      lib/xlat_tables_v2/xlat_tables_core.c
  CC      lib/xlat_tables_v2/xlat_tables_utils.c
  CC      plat/common/aarch64/plat_common.c
  CC      plat/common/plat_bl_common.c
  CC      plat/common/plat_gicv3.c
  CC      plat/common/plat_log_common.c
  CC      plat/mediatek/apsoc_common/bl31/apsoc_sip_svc_common.c
  CC      plat/mediatek/apsoc_common/bl31/bl31_common_setup.c
  CC      plat/mediatek/apsoc_common/bl31/mtk_boot_next.c
  CC      plat/mediatek/apsoc_common/bl31/mtk_gic_v3.c
  CC      plat/mediatek/apsoc_common/bl31/mtk_sip_svc.c
  CC      plat/mediatek/apsoc_common/bl31/plat_pm.c
  CC      plat/mediatek/apsoc_common/bl31/plat_topology.c
  CC      plat/mediatek/apsoc_common/drivers/efuse/mtk_efuse.c
  CC      plat/mediatek/apsoc_common/drivers/trng/rng.c
  CC      plat/mediatek/apsoc_common/drivers/wdt/mtk_wdt.c
  CC      plat/mediatek/mt7981/aarch64/platform_common.c
  CC      plat/mediatek/mt7981/bl31/bl31_plat_pm.c
  CC      plat/mediatek/mt7981/bl31/bl31_plat_setup.c
  CC      plat/mediatek/mt7981/bl31/plat_sip_calls.c
  CC      plat/mediatek/mt7981/drivers/spmc/mtspmc.c
  CC      plat/mediatek/mt7981/drivers/timer/timer.c
  CC      services/arm_arch_svc/arm_arch_svc_setup.c
  CC      services/std_svc/std_svc_setup.c
  AS      bl31/aarch64/bl31_entrypoint.S
  AS      bl31/aarch64/crash_reporting.S
  AS      bl31/aarch64/runtime_exceptions.S
  AS      common/aarch64/debug.S
  AS      lib/aarch64/cache_helpers.S
  AS      lib/aarch64/misc_helpers.S
  AS      lib/cpus/aarch64/aem_generic.S
  AS      lib/cpus/aarch64/cortex_a53.S
  AS      lib/cpus/aarch64/cpu_helpers.S
  AS      lib/cpus/aarch64/dsu_helpers.S
  AS      lib/cpus/aarch64/wa_cve_2017_5715_bpiall.S
  AS      lib/cpus/aarch64/wa_cve_2017_5715_mmu.S
  AS      lib/el3_runtime/aarch64/context.S
  AS      lib/el3_runtime/aarch64/cpu_data.S
  AS      lib/locks/exclusive/aarch64/spinlock.S
  AS      lib/psci/aarch64/psci_helpers.S
  AS      lib/psci/aarch64/runtime_errata.S
  AS      lib/xlat_tables_v2/aarch64/enable_mmu.S
  AS      plat/common/aarch64/platform_helpers.S
  AS      plat/common/aarch64/platform_mp_stack.S
  AS      plat/mediatek/apsoc_common/drivers/uart/aarch64/hsuart.S
  AS      plat/mediatek/mt7981/aarch64/plat_helpers.S
  PP      bl31/bl31.ld.S
  AR      /workdir/bl-mt798x-dhcpd/atf-20240117-bacca82a8/build/mt7981/release/lib/libfdt.a
  AR      /workdir/bl-mt798x-dhcpd/atf-20240117-bacca82a8/build/mt7981/release/lib/libc.a
  CC      bl2/aarch64/bl2_arch_setup.c
  CC      bl2/bl2_image_load_v2.c
  CC      bl2/bl2_main.c
  CC      common/bl_common.c
  CC      common/desc_image_load.c
  CC      common/image_decompress.c
  CC      common/tf_log.c
  CC      drivers/console/multi_console.c
  CC      drivers/delay_timer/delay_timer.c
  CC      drivers/delay_timer/generic_delay_timer.c
  CC      drivers/gpio/gpio.c
  CC      drivers/io/io_block.c
  CC      drivers/io/io_fip.c
  CC      drivers/io/io_storage.c
  CC      drivers/mtd/nand/core.c
  CC      drivers/mtd/spi-mem/spi_mem.c
  CC      lib/compiler-rt/builtins/popcountdi2.c
  CC      lib/compiler-rt/builtins/popcountsi2.c
  CC      lib/extensions/pmuv3/aarch64/pmuv3.c
  CC      lib/nmbm/nmbm-core.c
  CC      lib/nmbm/nmbm-libs.c
  CC      lib/xz/tf_unxz.c
  CC      lib/xz/xz_crc32.c
  CC      lib/xz/xz_crc64.c
  CC      lib/xz/xz_dec_bcj.c
  CC      lib/xz/xz_dec_lzma2.c
  CC      lib/xz/xz_dec_stream.c
  CC      plat/common/aarch64/plat_common.c
  CC      plat/common/plat_bl_common.c
  CC      plat/common/plat_log_common.c
  CC      plat/mediatek/apsoc_common/bl2/bl2_boot_nand_nmbm.c
  CC      plat/mediatek/apsoc_common/bl2/bl2_dev_spi_nand_init.c
  CC      plat/mediatek/apsoc_common/bl2/bl2_plat_setup.c
  CC      plat/mediatek/apsoc_common/drivers/efuse/mtk_efuse.c
  CC      plat/mediatek/apsoc_common/drivers/spi/mtk_spi.c
  CC      plat/mediatek/apsoc_common/drivers/spi_nand/mtk_spi_nand.c
  CC      plat/mediatek/apsoc_common/drivers/wdt/mtk_wdt.c
  CC      plat/mediatek/mt7981/aarch64/platform_common.c
  CC      plat/mediatek/mt7981/bl2/bl2_dev_spi_nand.c
  CC      plat/mediatek/mt7981/bl2/bl2_plat_init.c
  CC      plat/mediatek/mt7981/drivers/dram/emicfg.c
  CC      plat/mediatek/mt7981/drivers/gpio/mt7981_gpio.c
  CC      plat/mediatek/mt7981/drivers/pll/pll.c
  CC      plat/mediatek/mt7981/drivers/spi/boot_spi.c
  CC      plat/mediatek/mt7981/drivers/timer/timer.c
  AS      bl2/aarch64/bl2_el3_entrypoint.S
  AS      bl2/aarch64/bl2_el3_exceptions.S
  AS      bl2/aarch64/bl2_run_next_image.S
  AS      common/aarch64/debug.S
  AS      common/aarch64/early_exceptions.S
  AS      lib/aarch64/cache_helpers.S
  AS      lib/aarch64/misc_helpers.S
  AS      lib/cpus/aarch64/cortex_a53.S
  AS      lib/cpus/aarch64/cpu_helpers.S
  AS      lib/cpus/aarch64/dsu_helpers.S
  AS      lib/locks/exclusive/aarch64/spinlock.S
  AS      plat/common/aarch64/platform_helpers.S
  AS      plat/common/aarch64/platform_up_stack.S
  AS      plat/mediatek/apsoc_common/drivers/uart/aarch64/hsuart.S
  AS      plat/mediatek/mt7981/aarch64/plat_helpers.S
  AS      plat/mediatek/mt7981/bl2/dtb.S
  PP      bl2/bl2_el3.ld.S
  LD      /workdir/bl-mt798x-dhcpd/atf-20240117-bacca82a8/build/mt7981/release/bl31/bl31.elf
  LD      /workdir/bl-mt798x-dhcpd/atf-20240117-bacca82a8/build/mt7981/release/bl2/bl2.elf
  BIN     /workdir/bl-mt798x-dhcpd/atf-20240117-bacca82a8/build/mt7981/release/bl31.bin
  OD      /workdir/bl-mt798x-dhcpd/atf-20240117-bacca82a8/build/mt7981/release/bl31/bl31.dump

Built /workdir/bl-mt798x-dhcpd/atf-20240117-bacca82a8/build/mt7981/release/bl31.bin successfully

EL3 Runtime Firmware BL31: offset=0x88, size=0x8129, cmdline="--soc-fw"
Non-Trusted Firmware BL33: offset=0x81B1, size=0xB7B88, cmdline="--nt-fw"

Built /workdir/bl-mt798x-dhcpd/atf-20240117-bacca82a8/build/mt7981/release/fip.bin successfully

  BIN     /workdir/bl-mt798x-dhcpd/atf-20240117-bacca82a8/build/mt7981/release/bl2.bin
  OD      /workdir/bl-mt798x-dhcpd/atf-20240117-bacca82a8/build/mt7981/release/bl2/bl2.dump

Built /workdir/bl-mt798x-dhcpd/atf-20240117-bacca82a8/build/mt7981/release/bl2.bin successfully

make: Leaving directory '/workdir/bl-mt798x-dhcpd/atf-20240117-bacca82a8'
mt7981_honor_fur-602_2024-fip-dhcpd-Yuzhii-fixed-parts-multi-layout build done
mt7981_honor_fur-602_2024-bl2 build done
